c:\student temporary folder\new folder\gamei\proj.win32\debug.win32\vc120.pdb
c:\student temporary folder\new folder\gamei\proj.win32\debug.win32\appdelegate.obj
c:\student temporary folder\new folder\gamei\proj.win32\debug.win32\mainmenuscene.obj
c:\student temporary folder\new folder\gamei\proj.win32\debug.win32\gamescene.obj
e:\final game\gamei\proj.win32\debug.win32\main.obj
e:\final game\gamei\proj.win32\debug.win32\gamemanager.obj
e:\final game\gamei\proj.win32\debug.win32\enemy2.obj
e:\final game\gamei\proj.win32\debug.win32\enemy.obj
e:\final game\gamei\proj.win32\debug.win32\appdelegate.obj
e:\final game\gamei\proj.win32\debug.win32\mainmenuscene.obj
e:\final game\gamei\proj.win32\debug.win32\gamescene.obj
e:\final game\gamei\proj.win32\debug.win32\vc120.pdb
c:\student temporary folder\new folder\gamei\proj.win32\debug.win32\incrementalgame.lib
c:\student temporary folder\new folder\gamei\proj.win32\debug.win32\incrementalgame.exp
c:\student temporary folder\new folder\gamei\proj.win32\incrementalgame.cab
c:\student temporary folder\new folder\gamei\proj.win32\debug.win32\incrementalgame.ilk
c:\student temporary folder\new folder\gamei\proj.win32\debug.win32\incrementalgame.exe
c:\student temporary folder\new folder\gamei\proj.win32\debug.win32\incrementalgame.pdb
c:\student temporary folder\new folder\gamei\proj.win32\debug.win32\game.res
e:\final game\gamei\proj.win32\debug.win32\game.res
c:\student temporary folder\final game\gamei\proj.win32\debug.win32\incrementalgame.ilk
c:\student temporary folder\final game\gamei\proj.win32\debug.win32\game.res
c:\student temporary folder\final game\gamei\proj.win32\debug.win32\incrementalgame.exp
c:\student temporary folder\final game\gamei\proj.win32\debug.win32\vc120.idb
c:\student temporary folder\final game\gamei\proj.win32\debug.win32\incrementalgame.pdb
c:\student temporary folder\final game\gamei\proj.win32\debug.win32\vc120.pdb
c:\student temporary folder\final game\gamei\proj.win32\debug.win32\incrementalgame.exe
c:\student temporary folder\final game\gamei\proj.win32\debug.win32\incrementalgame.tlog\cl.command.1.tlog
c:\student temporary folder\final game\gamei\proj.win32\debug.win32\incrementalgame.tlog\cl.read.1.tlog
c:\student temporary folder\final game\gamei\proj.win32\debug.win32\incrementalgame.tlog\cl.write.1.tlog
c:\student temporary folder\final game\gamei\proj.win32\debug.win32\incrementalgame.tlog\incrementalgame.write.1u.tlog
c:\student temporary folder\final game\gamei\proj.win32\debug.win32\incrementalgame.tlog\link.command.1.tlog
c:\student temporary folder\final game\gamei\proj.win32\debug.win32\incrementalgame.tlog\link.read.1.tlog
c:\student temporary folder\final game\gamei\proj.win32\debug.win32\incrementalgame.tlog\link.write.1.tlog
c:\student temporary folder\final game\gamei\proj.win32\debug.win32\incrementalgame.tlog\rc.command.1.tlog
c:\student temporary folder\final game\gamei\proj.win32\debug.win32\incrementalgame.tlog\rc.read.1.tlog
c:\student temporary folder\final game\gamei\proj.win32\debug.win32\incrementalgame.tlog\rc.write.1.tlog
